<?xml version="1.0" encoding="UTF-8"?>
<testsuites name="TS Check redirections" time="56" tests="5" failures="1" errors="0">
   <testsuite name="TS Check redirections" tests="5" failures="1" errors="0" time="56" timestamp="2018-10-10 20:52:14" hostname="tea_b - Hiawatha" id="Test Suites/TS Check redirections">
      <properties>
         <property name="deviceName" value=""/>
         <property name="devicePlatform" value=""/>
         <property name="logFolder" value="C:\\Users\\tea_b\\Katalon Studio\\Katalon-redirect\\Reports\\TS Check redirections\\20181010_205211"/>
         <property name="logFiles" value="C:\\Users\\tea_b\\Katalon Studio\\Katalon-redirect\\Reports\\TS Check redirections\\20181010_205211\\execution0.log"/>
         <property name="attachments" value=""/>
         <property name="hostName" value="tea_b - Hiawatha"/>
         <property name="os" value="Windows 10 64bit"/>
         <property name="katalonVersion" value="5.7.1.1"/>
         <property name="browser" value="Chrome 69.0.3497.100"/>
         <property name="hostAddress" value="192.168.0.13"/>
         <property name="sessionId" value="dd1ae798395c86559a8df74473d2872f"/>
         <property name="seleniumVersion" value="3.7.1"/>
         <property name="proxyInformation" value="ProxyInformation{proxyOption=NO_PROXY, proxyServerType=HTTP, password=, proxyServerAddress=, proxyServerPort=0}"/>
         <property name="platform" value="Windows 10"/>
      </properties>
      <testcase name="Test Cases/TC verify redirected url" classname="Test Cases/TC verify redirected url" status="PASSED">
         <system-out><![CDATA[2018-10-10 20:52:14 - [TEST_CASE][PASSED] - Test Cases/TC verify redirected url: Test Cases/TC verify redirected url

2018-10-10 20:52:15 - [TEST_STEP][PASSED] - openBrowser: Browser is opened with url: ''

2018-10-10 20:52:18 - [MESSAGE][PASSED] - Browser is opened with url: ''

2018-10-10 20:52:18 - [TEST_STEP][PASSED] - navigateToUrl: Navigate to 'https://www.brighton-hove.gov.uk/cityclean' successfully

2018-10-10 20:52:25 - [MESSAGE][PASSED] - Navigate to 'https://www.brighton-hove.gov.uk/cityclean' successfully

2018-10-10 20:52:25 - [TEST_STEP][PASSED] - Statement - vCurrentUrl = com.kms.katalon.core.webui.keyword.WebUiBuiltInKeywords.getUrl(): Current window's url is: 'https://www.brighton-hove.gov.uk/content/environment/recycling-rubbish-and-street-cleaning-0'

2018-10-10 20:52:25 - [MESSAGE][PASSED] - Current window's url is: 'https://www.brighton-hove.gov.uk/content/environment/recycling-rubbish-and-street-cleaning-0'

2018-10-10 20:52:25 - [TEST_STEP][PASSED] - verifyMatch: Actual text 'https://www.brighton-hove.gov.uk/content/environment/recycling-rubbish-and-street-cleaning-0' and expected text 'https://www.brighton-hove.gov.uk/content/environment/recycling-rubbish-and-street-cleaning-0' are matched 

2018-10-10 20:52:26 - [MESSAGE][PASSED] - Actual text 'https://www.brighton-hove.gov.uk/content/environment/recycling-rubbish-and-street-cleaning-0' and expected text 'https://www.brighton-hove.gov.uk/content/environment/recycling-rubbish-and-street-cleaning-0' are matched]]></system-out>
         <system-err><![CDATA[]]></system-err>
      </testcase>
      <testcase name="Test Cases/TC verify redirected url" classname="Test Cases/TC verify redirected url" status="PASSED">
         <system-out><![CDATA[2018-10-10 20:52:26 - [TEST_CASE][PASSED] - Test Cases/TC verify redirected url: Test Cases/TC verify redirected url

2018-10-10 20:52:26 - [TEST_STEP][PASSED] - openBrowser: Browser is opened with url: ''

2018-10-10 20:52:26 - [MESSAGE][WARNING] - A browser is already opened. Closing browser and opening a new one

2018-10-10 20:52:29 - [MESSAGE][PASSED] - Browser is opened with url: ''

2018-10-10 20:52:29 - [TEST_STEP][PASSED] - navigateToUrl: Navigate to 'https://www.brighton-hove.gov.uk/housing' successfully

2018-10-10 20:52:36 - [MESSAGE][PASSED] - Navigate to 'https://www.brighton-hove.gov.uk/housing' successfully

2018-10-10 20:52:36 - [TEST_STEP][PASSED] - Statement - vCurrentUrl = com.kms.katalon.core.webui.keyword.WebUiBuiltInKeywords.getUrl(): Current window's url is: 'https://www.brighton-hove.gov.uk/content/housing'

2018-10-10 20:52:36 - [MESSAGE][PASSED] - Current window's url is: 'https://www.brighton-hove.gov.uk/content/housing'

2018-10-10 20:52:36 - [TEST_STEP][PASSED] - verifyMatch: Actual text 'https://www.brighton-hove.gov.uk/content/housing' and expected text 'https://www.brighton-hove.gov.uk/content/housing' are matched 

2018-10-10 20:52:36 - [MESSAGE][PASSED] - Actual text 'https://www.brighton-hove.gov.uk/content/housing' and expected text 'https://www.brighton-hove.gov.uk/content/housing' are matched]]></system-out>
         <system-err><![CDATA[]]></system-err>
      </testcase>
      <testcase name="Test Cases/TC verify redirected url" classname="Test Cases/TC verify redirected url" status="PASSED">
         <system-out><![CDATA[2018-10-10 20:52:36 - [TEST_CASE][PASSED] - Test Cases/TC verify redirected url: Test Cases/TC verify redirected url

2018-10-10 20:52:36 - [TEST_STEP][PASSED] - openBrowser: Browser is opened with url: ''

2018-10-10 20:52:36 - [MESSAGE][WARNING] - A browser is already opened. Closing browser and opening a new one

2018-10-10 20:52:39 - [MESSAGE][PASSED] - Browser is opened with url: ''

2018-10-10 20:52:39 - [TEST_STEP][PASSED] - navigateToUrl: Navigate to 'https://www.brighton-hove.gov.uk/jobs' successfully

2018-10-10 20:52:44 - [MESSAGE][PASSED] - Navigate to 'https://www.brighton-hove.gov.uk/jobs' successfully

2018-10-10 20:52:44 - [TEST_STEP][PASSED] - Statement - vCurrentUrl = com.kms.katalon.core.webui.keyword.WebUiBuiltInKeywords.getUrl(): Current window's url is: 'https://www.brighton-hove.gov.uk/content/jobs/council-jobs'

2018-10-10 20:52:44 - [MESSAGE][PASSED] - Current window's url is: 'https://www.brighton-hove.gov.uk/content/jobs/council-jobs'

2018-10-10 20:52:44 - [TEST_STEP][PASSED] - verifyMatch: Actual text 'https://www.brighton-hove.gov.uk/content/jobs/council-jobs' and expected text 'https://www.brighton-hove.gov.uk/content/jobs/council-jobs' are matched 

2018-10-10 20:52:44 - [MESSAGE][PASSED] - Actual text 'https://www.brighton-hove.gov.uk/content/jobs/council-jobs' and expected text 'https://www.brighton-hove.gov.uk/content/jobs/council-jobs' are matched]]></system-out>
         <system-err><![CDATA[]]></system-err>
      </testcase>
      <testcase name="Test Cases/TC verify redirected url" classname="Test Cases/TC verify redirected url" status="FAILED">
         <failure type="FAILED" message="(Stack trace: com.kms.katalon.core.exception.StepFailedException: Unable to verify match between actual text 'https://www.brighton-hove.gov.uk/fish' and expected text 'https://www.brighton-hove.gov.uk/content/a-z/a-z-pages/flyposting' (Root cause: Actual text 'https://www.brighton-hove.gov.uk/fish' and expected text 'https://www.brighton-hove.gov.uk/content/a-z/a-z-pages/flyposting' are not matched)
	at com.kms.katalon.core.keyword.internal.KeywordMain.stepFailed(KeywordMain.groovy:36)
	at com.kms.katalon.core.keyword.internal.KeywordMain.stepFailed(KeywordMain.groovy)
	at com.kms.katalon.core.keyword.internal.KeywordMain.runKeyword(KeywordMain.groovy:56)
	at com.kms.katalon.core.keyword.builtin.VerifyMatchKeyword.verifyMatch(VerifyMatchKeyword.groovy:61)
	at com.kms.katalon.core.keyword.builtin.VerifyMatchKeyword.execute(VerifyMatchKeyword.groovy:46)
	at com.kms.katalon.core.keyword.internal.KeywordExecutor.executeKeywordForPlatform(KeywordExecutor.groovy:53)
	at com.kms.katalon.core.keyword.BuiltinKeywords.verifyMatch(BuiltinKeywords.groovy:73)
	at sun.reflect.NativeMethodAccessorImpl.invoke0(Native Method)
	at sun.reflect.NativeMethodAccessorImpl.invoke(NativeMethodAccessorImpl.java:62)
	at sun.reflect.DelegatingMethodAccessorImpl.invoke(DelegatingMethodAccessorImpl.java:43)
	at java.lang.reflect.Method.invoke(Method.java:498)
	at org.codehaus.groovy.reflection.CachedMethod.invoke(CachedMethod.java:93)
	at groovy.lang.MetaMethod.doMethodInvoke(MetaMethod.java:325)
	at groovy.lang.MetaClassImpl.invokeStaticMethod(MetaClassImpl.java:1469)
	at org.codehaus.groovy.runtime.callsite.StaticMetaClassSite.call(StaticMetaClassSite.java:53)
	at org.codehaus.groovy.runtime.callsite.AbstractCallSite.call(AbstractCallSite.java:141)
	at Script1539200873727.run(Script1539200873727.groovy:23)
	at com.kms.katalon.core.main.ScriptEngine.run(ScriptEngine.java:183)
	at com.kms.katalon.core.main.ScriptEngine.runScriptAsRawText(ScriptEngine.java:108)
	at com.kms.katalon.core.main.TestCaseExecutor.runScript(TestCaseExecutor.java:294)
	at com.kms.katalon.core.main.TestCaseExecutor.doExecute(TestCaseExecutor.java:285)
	at com.kms.katalon.core.main.TestCaseExecutor.processExecutionPhase(TestCaseExecutor.java:264)
	at com.kms.katalon.core.main.TestCaseExecutor.accessMainPhase(TestCaseExecutor.java:256)
	at com.kms.katalon.core.main.TestCaseExecutor.execute(TestCaseExecutor.java:200)
	at com.kms.katalon.core.main.TestSuiteExecutor.accessTestCaseMainPhase(TestSuiteExecutor.java:129)
	at com.kms.katalon.core.main.TestSuiteExecutor.accessTestSuiteMainPhase(TestSuiteExecutor.java:112)
	at com.kms.katalon.core.main.TestSuiteExecutor.execute(TestSuiteExecutor.java:81)
	at com.kms.katalon.core.main.TestCaseMain.startTestSuite(TestCaseMain.java:142)
	at com.kms.katalon.core.main.TestCaseMain$startTestSuite$0.call(Unknown Source)
	at org.codehaus.groovy.runtime.callsite.CallSiteArray.defaultCall(CallSiteArray.java:48)
	at org.codehaus.groovy.runtime.callsite.AbstractCallSite.call(AbstractCallSite.java:113)
	at org.codehaus.groovy.runtime.callsite.AbstractCallSite.call(AbstractCallSite.java:141)
	at TempTestSuite1539201131880.run(TempTestSuite1539201131880.groovy:36)
	at groovy.lang.GroovyShell.runScriptOrMainOrTestOrRunnable(GroovyShell.java:263)
	at groovy.lang.GroovyShell.run(GroovyShell.java:518)
	at groovy.lang.GroovyShell.run(GroovyShell.java:507)
	at groovy.ui.GroovyMain.processOnce(GroovyMain.java:653)
	at groovy.ui.GroovyMain.run(GroovyMain.java:384)
	at groovy.ui.GroovyMain.process(GroovyMain.java:370)
	at groovy.ui.GroovyMain.processArgs(GroovyMain.java:129)
	at groovy.ui.GroovyMain.main(GroovyMain.java:109)
	at sun.reflect.NativeMethodAccessorImpl.invoke0(Native Method)
	at sun.reflect.NativeMethodAccessorImpl.invoke(NativeMethodAccessorImpl.java:62)
	at sun.reflect.DelegatingMethodAccessorImpl.invoke(DelegatingMethodAccessorImpl.java:43)
	at java.lang.reflect.Method.invoke(Method.java:498)
	at org.codehaus.groovy.tools.GroovyStarter.rootLoader(GroovyStarter.java:109)
	at org.codehaus.groovy.tools.GroovyStarter.main(GroovyStarter.java:131)
)"/>
         <system-out><![CDATA[2018-10-10 20:52:44 - [TEST_CASE][FAILED] - Test Cases/TC verify redirected url: Test Cases/TC verify redirected url FAILED because (of) (Stack trace: com.kms.katalon.core.exception.StepFailedException: Unable to verify match between actual text 'https://www.brighton-hove.gov.uk/fish' and expected text 'https://www.brighton-hove.gov.uk/content/a-z/a-z-pages/flyposting' (Root cause: Actual text 'https://www.brighton-hove.gov.uk/fish' and expected text 'https://www.brighton-hove.gov.uk/content/a-z/a-z-pages/flyposting' are not matched)
	at com.kms.katalon.core.keyword.internal.KeywordMain.stepFailed(KeywordMain.groovy:36)
	at com.kms.katalon.core.keyword.internal.KeywordMain.stepFailed(KeywordMain.groovy)
	at com.kms.katalon.core.keyword.internal.KeywordMain.runKeyword(KeywordMain.groovy:56)
	at com.kms.katalon.core.keyword.builtin.VerifyMatchKeyword.verifyMatch(VerifyMatchKeyword.groovy:61)
	at com.kms.katalon.core.keyword.builtin.VerifyMatchKeyword.execute(VerifyMatchKeyword.groovy:46)
	at com.kms.katalon.core.keyword.internal.KeywordExecutor.executeKeywordForPlatform(KeywordExecutor.groovy:53)
	at com.kms.katalon.core.keyword.BuiltinKeywords.verifyMatch(BuiltinKeywords.groovy:73)
	at sun.reflect.NativeMethodAccessorImpl.invoke0(Native Method)
	at sun.reflect.NativeMethodAccessorImpl.invoke(NativeMethodAccessorImpl.java:62)
	at sun.reflect.DelegatingMethodAccessorImpl.invoke(DelegatingMethodAccessorImpl.java:43)
	at java.lang.reflect.Method.invoke(Method.java:498)
	at org.codehaus.groovy.reflection.CachedMethod.invoke(CachedMethod.java:93)
	at groovy.lang.MetaMethod.doMethodInvoke(MetaMethod.java:325)
	at groovy.lang.MetaClassImpl.invokeStaticMethod(MetaClassImpl.java:1469)
	at org.codehaus.groovy.runtime.callsite.StaticMetaClassSite.call(StaticMetaClassSite.java:53)
	at org.codehaus.groovy.runtime.callsite.AbstractCallSite.call(AbstractCallSite.java:141)
	at Script1539200873727.run(Script1539200873727.groovy:23)
	at com.kms.katalon.core.main.ScriptEngine.run(ScriptEngine.java:183)
	at com.kms.katalon.core.main.ScriptEngine.runScriptAsRawText(ScriptEngine.java:108)
	at com.kms.katalon.core.main.TestCaseExecutor.runScript(TestCaseExecutor.java:294)
	at com.kms.katalon.core.main.TestCaseExecutor.doExecute(TestCaseExecutor.java:285)
	at com.kms.katalon.core.main.TestCaseExecutor.processExecutionPhase(TestCaseExecutor.java:264)
	at com.kms.katalon.core.main.TestCaseExecutor.accessMainPhase(TestCaseExecutor.java:256)
	at com.kms.katalon.core.main.TestCaseExecutor.execute(TestCaseExecutor.java:200)
	at com.kms.katalon.core.main.TestSuiteExecutor.accessTestCaseMainPhase(TestSuiteExecutor.java:129)
	at com.kms.katalon.core.main.TestSuiteExecutor.accessTestSuiteMainPhase(TestSuiteExecutor.java:112)
	at com.kms.katalon.core.main.TestSuiteExecutor.execute(TestSuiteExecutor.java:81)
	at com.kms.katalon.core.main.TestCaseMain.startTestSuite(TestCaseMain.java:142)
	at com.kms.katalon.core.main.TestCaseMain$startTestSuite$0.call(Unknown Source)
	at org.codehaus.groovy.runtime.callsite.CallSiteArray.defaultCall(CallSiteArray.java:48)
	at org.codehaus.groovy.runtime.callsite.AbstractCallSite.call(AbstractCallSite.java:113)
	at org.codehaus.groovy.runtime.callsite.AbstractCallSite.call(AbstractCallSite.java:141)
	at TempTestSuite1539201131880.run(TempTestSuite1539201131880.groovy:36)
	at groovy.lang.GroovyShell.runScriptOrMainOrTestOrRunnable(GroovyShell.java:263)
	at groovy.lang.GroovyShell.run(GroovyShell.java:518)
	at groovy.lang.GroovyShell.run(GroovyShell.java:507)
	at groovy.ui.GroovyMain.processOnce(GroovyMain.java:653)
	at groovy.ui.GroovyMain.run(GroovyMain.java:384)
	at groovy.ui.GroovyMain.process(GroovyMain.java:370)
	at groovy.ui.GroovyMain.processArgs(GroovyMain.java:129)
	at groovy.ui.GroovyMain.main(GroovyMain.java:109)
	at sun.reflect.NativeMethodAccessorImpl.invoke0(Native Method)
	at sun.reflect.NativeMethodAccessorImpl.invoke(NativeMethodAccessorImpl.java:62)
	at sun.reflect.DelegatingMethodAccessorImpl.invoke(DelegatingMethodAccessorImpl.java:43)
	at java.lang.reflect.Method.invoke(Method.java:498)
	at org.codehaus.groovy.tools.GroovyStarter.rootLoader(GroovyStarter.java:109)
	at org.codehaus.groovy.tools.GroovyStarter.main(GroovyStarter.java:131)
)

2018-10-10 20:52:44 - [TEST_STEP][PASSED] - openBrowser: Browser is opened with url: ''

2018-10-10 20:52:44 - [MESSAGE][WARNING] - A browser is already opened. Closing browser and opening a new one

2018-10-10 20:52:47 - [MESSAGE][PASSED] - Browser is opened with url: ''

2018-10-10 20:52:47 - [TEST_STEP][PASSED] - navigateToUrl: Navigate to 'https://www.brighton-hove.gov.uk/fish' successfully

2018-10-10 20:52:55 - [MESSAGE][PASSED] - Navigate to 'https://www.brighton-hove.gov.uk/fish' successfully

2018-10-10 20:52:55 - [TEST_STEP][PASSED] - Statement - vCurrentUrl = com.kms.katalon.core.webui.keyword.WebUiBuiltInKeywords.getUrl(): Current window's url is: 'https://www.brighton-hove.gov.uk/fish'

2018-10-10 20:52:55 - [MESSAGE][PASSED] - Current window's url is: 'https://www.brighton-hove.gov.uk/fish'

2018-10-10 20:52:55 - [TEST_STEP][FAILED] - verifyMatch: Unable to verify match between actual text 'https://www.brighton-hove.gov.uk/fish' and expected text 'https://www.brighton-hove.gov.uk/content/a-z/a-z-pages/flyposting' (Root cause: Actual text 'https://www.brighton-hove.gov.uk/fish' and expected text 'https://www.brighton-hove.gov.uk/content/a-z/a-z-pages/flyposting' are not matched)

2018-10-10 20:52:55 - [MESSAGE][FAILED] - Unable to verify match between actual text 'https://www.brighton-hove.gov.uk/fish' and expected text 'https://www.brighton-hove.gov.uk/content/a-z/a-z-pages/flyposting' (Root cause: Actual text 'https://www.brighton-hove.gov.uk/fish' and expected text 'https://www.brighton-hove.gov.uk/content/a-z/a-z-pages/flyposting' are not matched)]]></system-out>
         <system-err><![CDATA[2018-10-10 20:52:44 - [TEST_CASE][FAILED] - Test Cases/TC verify redirected url: Test Cases/TC verify redirected url FAILED because (of) (Stack trace: com.kms.katalon.core.exception.StepFailedException: Unable to verify match between actual text 'https://www.brighton-hove.gov.uk/fish' and expected text 'https://www.brighton-hove.gov.uk/content/a-z/a-z-pages/flyposting' (Root cause: Actual text 'https://www.brighton-hove.gov.uk/fish' and expected text 'https://www.brighton-hove.gov.uk/content/a-z/a-z-pages/flyposting' are not matched)
	at com.kms.katalon.core.keyword.internal.KeywordMain.stepFailed(KeywordMain.groovy:36)
	at com.kms.katalon.core.keyword.internal.KeywordMain.stepFailed(KeywordMain.groovy)
	at com.kms.katalon.core.keyword.internal.KeywordMain.runKeyword(KeywordMain.groovy:56)
	at com.kms.katalon.core.keyword.builtin.VerifyMatchKeyword.verifyMatch(VerifyMatchKeyword.groovy:61)
	at com.kms.katalon.core.keyword.builtin.VerifyMatchKeyword.execute(VerifyMatchKeyword.groovy:46)
	at com.kms.katalon.core.keyword.internal.KeywordExecutor.executeKeywordForPlatform(KeywordExecutor.groovy:53)
	at com.kms.katalon.core.keyword.BuiltinKeywords.verifyMatch(BuiltinKeywords.groovy:73)
	at sun.reflect.NativeMethodAccessorImpl.invoke0(Native Method)
	at sun.reflect.NativeMethodAccessorImpl.invoke(NativeMethodAccessorImpl.java:62)
	at sun.reflect.DelegatingMethodAccessorImpl.invoke(DelegatingMethodAccessorImpl.java:43)
	at java.lang.reflect.Method.invoke(Method.java:498)
	at org.codehaus.groovy.reflection.CachedMethod.invoke(CachedMethod.java:93)
	at groovy.lang.MetaMethod.doMethodInvoke(MetaMethod.java:325)
	at groovy.lang.MetaClassImpl.invokeStaticMethod(MetaClassImpl.java:1469)
	at org.codehaus.groovy.runtime.callsite.StaticMetaClassSite.call(StaticMetaClassSite.java:53)
	at org.codehaus.groovy.runtime.callsite.AbstractCallSite.call(AbstractCallSite.java:141)
	at Script1539200873727.run(Script1539200873727.groovy:23)
	at com.kms.katalon.core.main.ScriptEngine.run(ScriptEngine.java:183)
	at com.kms.katalon.core.main.ScriptEngine.runScriptAsRawText(ScriptEngine.java:108)
	at com.kms.katalon.core.main.TestCaseExecutor.runScript(TestCaseExecutor.java:294)
	at com.kms.katalon.core.main.TestCaseExecutor.doExecute(TestCaseExecutor.java:285)
	at com.kms.katalon.core.main.TestCaseExecutor.processExecutionPhase(TestCaseExecutor.java:264)
	at com.kms.katalon.core.main.TestCaseExecutor.accessMainPhase(TestCaseExecutor.java:256)
	at com.kms.katalon.core.main.TestCaseExecutor.execute(TestCaseExecutor.java:200)
	at com.kms.katalon.core.main.TestSuiteExecutor.accessTestCaseMainPhase(TestSuiteExecutor.java:129)
	at com.kms.katalon.core.main.TestSuiteExecutor.accessTestSuiteMainPhase(TestSuiteExecutor.java:112)
	at com.kms.katalon.core.main.TestSuiteExecutor.execute(TestSuiteExecutor.java:81)
	at com.kms.katalon.core.main.TestCaseMain.startTestSuite(TestCaseMain.java:142)
	at com.kms.katalon.core.main.TestCaseMain$startTestSuite$0.call(Unknown Source)
	at org.codehaus.groovy.runtime.callsite.CallSiteArray.defaultCall(CallSiteArray.java:48)
	at org.codehaus.groovy.runtime.callsite.AbstractCallSite.call(AbstractCallSite.java:113)
	at org.codehaus.groovy.runtime.callsite.AbstractCallSite.call(AbstractCallSite.java:141)
	at TempTestSuite1539201131880.run(TempTestSuite1539201131880.groovy:36)
	at groovy.lang.GroovyShell.runScriptOrMainOrTestOrRunnable(GroovyShell.java:263)
	at groovy.lang.GroovyShell.run(GroovyShell.java:518)
	at groovy.lang.GroovyShell.run(GroovyShell.java:507)
	at groovy.ui.GroovyMain.processOnce(GroovyMain.java:653)
	at groovy.ui.GroovyMain.run(GroovyMain.java:384)
	at groovy.ui.GroovyMain.process(GroovyMain.java:370)
	at groovy.ui.GroovyMain.processArgs(GroovyMain.java:129)
	at groovy.ui.GroovyMain.main(GroovyMain.java:109)
	at sun.reflect.NativeMethodAccessorImpl.invoke0(Native Method)
	at sun.reflect.NativeMethodAccessorImpl.invoke(NativeMethodAccessorImpl.java:62)
	at sun.reflect.DelegatingMethodAccessorImpl.invoke(DelegatingMethodAccessorImpl.java:43)
	at java.lang.reflect.Method.invoke(Method.java:498)
	at org.codehaus.groovy.tools.GroovyStarter.rootLoader(GroovyStarter.java:109)
	at org.codehaus.groovy.tools.GroovyStarter.main(GroovyStarter.java:131)
)]]></system-err>
      </testcase>
      <testcase name="Test Cases/TC verify redirected url" classname="Test Cases/TC verify redirected url" status="PASSED">
         <system-out><![CDATA[2018-10-10 20:52:55 - [TEST_CASE][PASSED] - Test Cases/TC verify redirected url: Test Cases/TC verify redirected url

2018-10-10 20:52:55 - [TEST_STEP][PASSED] - openBrowser: Browser is opened with url: ''

2018-10-10 20:52:55 - [MESSAGE][WARNING] - A browser is already opened. Closing browser and opening a new one

2018-10-10 20:52:58 - [MESSAGE][PASSED] - Browser is opened with url: ''

2018-10-10 20:52:58 - [TEST_STEP][PASSED] - navigateToUrl: Navigate to 'https://www.brighton-hove.gov.uk/allotments' successfully

2018-10-10 20:53:01 - [MESSAGE][PASSED] - Navigate to 'https://www.brighton-hove.gov.uk/allotments' successfully

2018-10-10 20:53:01 - [TEST_STEP][PASSED] - Statement - vCurrentUrl = com.kms.katalon.core.webui.keyword.WebUiBuiltInKeywords.getUrl(): Current window's url is: 'https://new.brighton-hove.gov.uk/allotments'

2018-10-10 20:53:01 - [MESSAGE][PASSED] - Current window's url is: 'https://new.brighton-hove.gov.uk/allotments'

2018-10-10 20:53:01 - [TEST_STEP][PASSED] - verifyMatch: Actual text 'https://new.brighton-hove.gov.uk/allotments' and expected text 'https://new.brighton-hove.gov.uk/allotments' are matched 

2018-10-10 20:53:01 - [MESSAGE][PASSED] - Actual text 'https://new.brighton-hove.gov.uk/allotments' and expected text 'https://new.brighton-hove.gov.uk/allotments' are matched]]></system-out>
         <system-err><![CDATA[]]></system-err>
      </testcase>
      <testcase name="Test Cases/TC verify redirected url" classname="Test Cases/TC verify redirected url" status="PASSED">
         <system-out><![CDATA[2018-10-10 20:53:01 - [TEST_CASE][PASSED] - Test Cases/TC verify redirected url: Test Cases/TC verify redirected url

2018-10-10 20:53:01 - [TEST_STEP][PASSED] - openBrowser: Browser is opened with url: ''

2018-10-10 20:53:01 - [MESSAGE][WARNING] - A browser is already opened. Closing browser and opening a new one

2018-10-10 20:53:04 - [MESSAGE][PASSED] - Browser is opened with url: ''

2018-10-10 20:53:04 - [TEST_STEP][PASSED] - navigateToUrl: Navigate to 'https://www.brighton-hove.gov.uk/news' successfully

2018-10-10 20:53:10 - [MESSAGE][PASSED] - Navigate to 'https://www.brighton-hove.gov.uk/news' successfully

2018-10-10 20:53:10 - [TEST_STEP][PASSED] - Statement - vCurrentUrl = com.kms.katalon.core.webui.keyword.WebUiBuiltInKeywords.getUrl(): Current window's url is: 'https://www.brighton-hove.gov.uk/content/council-and-democracy/news'

2018-10-10 20:53:10 - [MESSAGE][PASSED] - Current window's url is: 'https://www.brighton-hove.gov.uk/content/council-and-democracy/news'

2018-10-10 20:53:10 - [TEST_STEP][PASSED] - verifyMatch: Actual text 'https://www.brighton-hove.gov.uk/content/council-and-democracy/news' and expected text 'https://www.brighton-hove.gov.uk/content/council-and-democracy/news' are matched 

2018-10-10 20:53:10 - [MESSAGE][PASSED] - Actual text 'https://www.brighton-hove.gov.uk/content/council-and-democracy/news' and expected text 'https://www.brighton-hove.gov.uk/content/council-and-democracy/news' are matched]]></system-out>
         <system-err><![CDATA[]]></system-err>
      </testcase>
      <system-out><![CDATA[2018-10-10 20:52:14 - [TEST_SUITE][FAILED] - TS Check redirections: Test Cases/TC verify redirected url FAILED because (of) (Stack trace: com.kms.katalon.core.exception.StepFailedException: Unable to verify match between actual text 'https://www.brighton-hove.gov.uk/fish' and expected text 'https://www.brighton-hove.gov.uk/content/a-z/a-z-pages/flyposting' (Root cause: Actual text 'https://www.brighton-hove.gov.uk/fish' and expected text 'https://www.brighton-hove.gov.uk/content/a-z/a-z-pages/flyposting' are not matched)
	at com.kms.katalon.core.keyword.internal.KeywordMain.stepFailed(KeywordMain.groovy:36)
	at com.kms.katalon.core.keyword.internal.KeywordMain.stepFailed(KeywordMain.groovy)
	at com.kms.katalon.core.keyword.internal.KeywordMain.runKeyword(KeywordMain.groovy:56)
	at com.kms.katalon.core.keyword.builtin.VerifyMatchKeyword.verifyMatch(VerifyMatchKeyword.groovy:61)
	at com.kms.katalon.core.keyword.builtin.VerifyMatchKeyword.execute(VerifyMatchKeyword.groovy:46)
	at com.kms.katalon.core.keyword.internal.KeywordExecutor.executeKeywordForPlatform(KeywordExecutor.groovy:53)
	at com.kms.katalon.core.keyword.BuiltinKeywords.verifyMatch(BuiltinKeywords.groovy:73)
	at sun.reflect.NativeMethodAccessorImpl.invoke0(Native Method)
	at sun.reflect.NativeMethodAccessorImpl.invoke(NativeMethodAccessorImpl.java:62)
	at sun.reflect.DelegatingMethodAccessorImpl.invoke(DelegatingMethodAccessorImpl.java:43)
	at java.lang.reflect.Method.invoke(Method.java:498)
	at org.codehaus.groovy.reflection.CachedMethod.invoke(CachedMethod.java:93)
	at groovy.lang.MetaMethod.doMethodInvoke(MetaMethod.java:325)
	at groovy.lang.MetaClassImpl.invokeStaticMethod(MetaClassImpl.java:1469)
	at org.codehaus.groovy.runtime.callsite.StaticMetaClassSite.call(StaticMetaClassSite.java:53)
	at org.codehaus.groovy.runtime.callsite.AbstractCallSite.call(AbstractCallSite.java:141)
	at Script1539200873727.run(Script1539200873727.groovy:23)
	at com.kms.katalon.core.main.ScriptEngine.run(ScriptEngine.java:183)
	at com.kms.katalon.core.main.ScriptEngine.runScriptAsRawText(ScriptEngine.java:108)
	at com.kms.katalon.core.main.TestCaseExecutor.runScript(TestCaseExecutor.java:294)
	at com.kms.katalon.core.main.TestCaseExecutor.doExecute(TestCaseExecutor.java:285)
	at com.kms.katalon.core.main.TestCaseExecutor.processExecutionPhase(TestCaseExecutor.java:264)
	at com.kms.katalon.core.main.TestCaseExecutor.accessMainPhase(TestCaseExecutor.java:256)
	at com.kms.katalon.core.main.TestCaseExecutor.execute(TestCaseExecutor.java:200)
	at com.kms.katalon.core.main.TestSuiteExecutor.accessTestCaseMainPhase(TestSuiteExecutor.java:129)
	at com.kms.katalon.core.main.TestSuiteExecutor.accessTestSuiteMainPhase(TestSuiteExecutor.java:112)
	at com.kms.katalon.core.main.TestSuiteExecutor.execute(TestSuiteExecutor.java:81)
	at com.kms.katalon.core.main.TestCaseMain.startTestSuite(TestCaseMain.java:142)
	at com.kms.katalon.core.main.TestCaseMain$startTestSuite$0.call(Unknown Source)
	at org.codehaus.groovy.runtime.callsite.CallSiteArray.defaultCall(CallSiteArray.java:48)
	at org.codehaus.groovy.runtime.callsite.AbstractCallSite.call(AbstractCallSite.java:113)
	at org.codehaus.groovy.runtime.callsite.AbstractCallSite.call(AbstractCallSite.java:141)
	at TempTestSuite1539201131880.run(TempTestSuite1539201131880.groovy:36)
	at groovy.lang.GroovyShell.runScriptOrMainOrTestOrRunnable(GroovyShell.java:263)
	at groovy.lang.GroovyShell.run(GroovyShell.java:518)
	at groovy.lang.GroovyShell.run(GroovyShell.java:507)
	at groovy.ui.GroovyMain.processOnce(GroovyMain.java:653)
	at groovy.ui.GroovyMain.run(GroovyMain.java:384)
	at groovy.ui.GroovyMain.process(GroovyMain.java:370)
	at groovy.ui.GroovyMain.processArgs(GroovyMain.java:129)
	at groovy.ui.GroovyMain.main(GroovyMain.java:109)
	at sun.reflect.NativeMethodAccessorImpl.invoke0(Native Method)
	at sun.reflect.NativeMethodAccessorImpl.invoke(NativeMethodAccessorImpl.java:62)
	at sun.reflect.DelegatingMethodAccessorImpl.invoke(DelegatingMethodAccessorImpl.java:43)
	at java.lang.reflect.Method.invoke(Method.java:498)
	at org.codehaus.groovy.tools.GroovyStarter.rootLoader(GroovyStarter.java:109)
	at org.codehaus.groovy.tools.GroovyStarter.main(GroovyStarter.java:131)
)]]></system-out>
      <system-err><![CDATA[2018-10-10 20:52:14 - [TEST_SUITE][FAILED] - TS Check redirections: Test Cases/TC verify redirected url FAILED because (of) (Stack trace: com.kms.katalon.core.exception.StepFailedException: Unable to verify match between actual text 'https://www.brighton-hove.gov.uk/fish' and expected text 'https://www.brighton-hove.gov.uk/content/a-z/a-z-pages/flyposting' (Root cause: Actual text 'https://www.brighton-hove.gov.uk/fish' and expected text 'https://www.brighton-hove.gov.uk/content/a-z/a-z-pages/flyposting' are not matched)
	at com.kms.katalon.core.keyword.internal.KeywordMain.stepFailed(KeywordMain.groovy:36)
	at com.kms.katalon.core.keyword.internal.KeywordMain.stepFailed(KeywordMain.groovy)
	at com.kms.katalon.core.keyword.internal.KeywordMain.runKeyword(KeywordMain.groovy:56)
	at com.kms.katalon.core.keyword.builtin.VerifyMatchKeyword.verifyMatch(VerifyMatchKeyword.groovy:61)
	at com.kms.katalon.core.keyword.builtin.VerifyMatchKeyword.execute(VerifyMatchKeyword.groovy:46)
	at com.kms.katalon.core.keyword.internal.KeywordExecutor.executeKeywordForPlatform(KeywordExecutor.groovy:53)
	at com.kms.katalon.core.keyword.BuiltinKeywords.verifyMatch(BuiltinKeywords.groovy:73)
	at sun.reflect.NativeMethodAccessorImpl.invoke0(Native Method)
	at sun.reflect.NativeMethodAccessorImpl.invoke(NativeMethodAccessorImpl.java:62)
	at sun.reflect.DelegatingMethodAccessorImpl.invoke(DelegatingMethodAccessorImpl.java:43)
	at java.lang.reflect.Method.invoke(Method.java:498)
	at org.codehaus.groovy.reflection.CachedMethod.invoke(CachedMethod.java:93)
	at groovy.lang.MetaMethod.doMethodInvoke(MetaMethod.java:325)
	at groovy.lang.MetaClassImpl.invokeStaticMethod(MetaClassImpl.java:1469)
	at org.codehaus.groovy.runtime.callsite.StaticMetaClassSite.call(StaticMetaClassSite.java:53)
	at org.codehaus.groovy.runtime.callsite.AbstractCallSite.call(AbstractCallSite.java:141)
	at Script1539200873727.run(Script1539200873727.groovy:23)
	at com.kms.katalon.core.main.ScriptEngine.run(ScriptEngine.java:183)
	at com.kms.katalon.core.main.ScriptEngine.runScriptAsRawText(ScriptEngine.java:108)
	at com.kms.katalon.core.main.TestCaseExecutor.runScript(TestCaseExecutor.java:294)
	at com.kms.katalon.core.main.TestCaseExecutor.doExecute(TestCaseExecutor.java:285)
	at com.kms.katalon.core.main.TestCaseExecutor.processExecutionPhase(TestCaseExecutor.java:264)
	at com.kms.katalon.core.main.TestCaseExecutor.accessMainPhase(TestCaseExecutor.java:256)
	at com.kms.katalon.core.main.TestCaseExecutor.execute(TestCaseExecutor.java:200)
	at com.kms.katalon.core.main.TestSuiteExecutor.accessTestCaseMainPhase(TestSuiteExecutor.java:129)
	at com.kms.katalon.core.main.TestSuiteExecutor.accessTestSuiteMainPhase(TestSuiteExecutor.java:112)
	at com.kms.katalon.core.main.TestSuiteExecutor.execute(TestSuiteExecutor.java:81)
	at com.kms.katalon.core.main.TestCaseMain.startTestSuite(TestCaseMain.java:142)
	at com.kms.katalon.core.main.TestCaseMain$startTestSuite$0.call(Unknown Source)
	at org.codehaus.groovy.runtime.callsite.CallSiteArray.defaultCall(CallSiteArray.java:48)
	at org.codehaus.groovy.runtime.callsite.AbstractCallSite.call(AbstractCallSite.java:113)
	at org.codehaus.groovy.runtime.callsite.AbstractCallSite.call(AbstractCallSite.java:141)
	at TempTestSuite1539201131880.run(TempTestSuite1539201131880.groovy:36)
	at groovy.lang.GroovyShell.runScriptOrMainOrTestOrRunnable(GroovyShell.java:263)
	at groovy.lang.GroovyShell.run(GroovyShell.java:518)
	at groovy.lang.GroovyShell.run(GroovyShell.java:507)
	at groovy.ui.GroovyMain.processOnce(GroovyMain.java:653)
	at groovy.ui.GroovyMain.run(GroovyMain.java:384)
	at groovy.ui.GroovyMain.process(GroovyMain.java:370)
	at groovy.ui.GroovyMain.processArgs(GroovyMain.java:129)
	at groovy.ui.GroovyMain.main(GroovyMain.java:109)
	at sun.reflect.NativeMethodAccessorImpl.invoke0(Native Method)
	at sun.reflect.NativeMethodAccessorImpl.invoke(NativeMethodAccessorImpl.java:62)
	at sun.reflect.DelegatingMethodAccessorImpl.invoke(DelegatingMethodAccessorImpl.java:43)
	at java.lang.reflect.Method.invoke(Method.java:498)
	at org.codehaus.groovy.tools.GroovyStarter.rootLoader(GroovyStarter.java:109)
	at org.codehaus.groovy.tools.GroovyStarter.main(GroovyStarter.java:131)
)]]></system-err>
   </testsuite>
</testsuites>
